🌱 Starting seed (FINAL ATTEMPT)...
Cleaning up...
Cleanup done.
Creating Locations...
Locations done.
Creating Organizations...
Organizations done.
Creating Contacts...
Contacts done.
Creating Projects...
Projects done.
Creating Events...
Connecting Event 1...
Events done.
Creating Social Posts...
Social Posts done.
Creating Tasks...
Tasks done.
Upserting User...
User done.
✅ Seed completed!
🌱 Starting seed (FINAL ATTEMPT)...
Cleaning up...
Cleanup done.
Creating Locations...
Locations done.
Creating Organizations...
Organizations done.
Creating Contacts...
Contacts done.
Creating Projects...
Projects done.
Creating Events...
Connecting Event 1...
Events done.
Creating Social Posts...
Social Posts done.
Creating Tasks...
Tasks done.
Upserting User...
User done.
✅ Seed completed!
